<?xml version="1.0" encoding="UTF-8"?>
<testsuite
  name="ros2_can.lint_cmake"
  tests="58"
  errors="0"
  failures="49"
  time="0.088"
>
  <testcase
    name="readability/mixedcase (CMakeLists.txt:32)"
    classname="ros2_can.lint_cmake"
  >
      <failure message="Do not mix upper and lower case commands"/>
  </testcase>
  <testcase
    name="whitespace/mismatch (CMakeLists.txt:32)"
    classname="ros2_can.lint_cmake"
  >
      <failure message="Mismatching spaces inside () after command"/>
  </testcase>
  <testcase
    name="whitespace/indent (CMakeLists.txt:47)"
    classname="ros2_can.lint_cmake"
  >
      <failure message="Weird indentation; use 2 spaces"/>
  </testcase>
  <testcase
    name="whitespace/eol (CMakeLists.txt:47)"
    classname="ros2_can.lint_cmake"
  >
      <failure message="Line ends in whitespace"/>
  </testcase>
  <testcase
    name="whitespace/indent (CMakeLists.txt:48)"
    classname="ros2_can.lint_cmake"
  >
      <failure message="Weird indentation; use 2 spaces"/>
  </testcase>
  <testcase
    name="whitespace/eol (CMakeLists.txt:48)"
    classname="ros2_can.lint_cmake"
  >
      <failure message="Line ends in whitespace"/>
  </testcase>
  <testcase
    name="whitespace/indent (CMakeLists.txt:49)"
    classname="ros2_can.lint_cmake"
  >
      <failure message="Weird indentation; use 2 spaces"/>
  </testcase>
  <testcase
    name="whitespace/indent (CMakeLists.txt:51)"
    classname="ros2_can.lint_cmake"
  >
      <failure message="Weird indentation; use 2 spaces"/>
  </testcase>
  <testcase
    name="whitespace/eol (CMakeLists.txt:51)"
    classname="ros2_can.lint_cmake"
  >
      <failure message="Line ends in whitespace"/>
  </testcase>
  <testcase
    name="build/ros2_can/CTestCustom.cmake"
    classname="ros2_can.lint_cmake"/>
  <testcase
    name="whitespace/eol (build/ros2_can/CTestTestfile.cmake:1)"
    classname="ros2_can.lint_cmake"
  >
      <failure message="Line ends in whitespace"/>
  </testcase>
  <testcase
    name="whitespace/eol (build/ros2_can/CTestTestfile.cmake:4)"
    classname="ros2_can.lint_cmake"
  >
      <failure message="Line ends in whitespace"/>
  </testcase>
  <testcase
    name="whitespace/eol (build/ros2_can/CTestTestfile.cmake:5)"
    classname="ros2_can.lint_cmake"
  >
      <failure message="Line ends in whitespace"/>
  </testcase>
  <testcase
    name="linelength (build/ros2_can/CTestTestfile.cmake:7)"
    classname="ros2_can.lint_cmake"
  >
      <failure message="Lines should be &lt;= 80 characters long"/>
  </testcase>
  <testcase
    name="whitespace/indent (build/ros2_can/cmake_install.cmake:13)"
    classname="ros2_can.lint_cmake"
  >
      <failure message="Weird indentation; use 2 spaces"/>
  </testcase>
  <testcase
    name="whitespace/indent (build/ros2_can/cmake_install.cmake:42)"
    classname="ros2_can.lint_cmake"
  >
      <failure message="Weird indentation; use 2 spaces"/>
  </testcase>
  <testcase
    name="whitespace/indent (build/ros2_can/cmake_install.cmake:44)"
    classname="ros2_can.lint_cmake"
  >
      <failure message="Weird indentation; use 2 spaces"/>
  </testcase>
  <testcase
    name="whitespace/indent (build/ros2_can/cmake_install.cmake:45)"
    classname="ros2_can.lint_cmake"
  >
      <failure message="Weird indentation; use 2 spaces"/>
  </testcase>
  <testcase
    name="whitespace/indent (build/ros2_can/cmake_install.cmake:49)"
    classname="ros2_can.lint_cmake"
  >
      <failure message="Weird indentation; use 2 spaces"/>
  </testcase>
  <testcase
    name="whitespace/indent (build/ros2_can/cmake_install.cmake:51)"
    classname="ros2_can.lint_cmake"
  >
      <failure message="Weird indentation; use 2 spaces"/>
  </testcase>
  <testcase
    name="whitespace/indent (build/ros2_can/cmake_install.cmake:52)"
    classname="ros2_can.lint_cmake"
  >
      <failure message="Weird indentation; use 2 spaces"/>
  </testcase>
  <testcase
    name="whitespace/indent (build/ros2_can/cmake_install.cmake:53)"
    classname="ros2_can.lint_cmake"
  >
      <failure message="Weird indentation; use 2 spaces"/>
  </testcase>
  <testcase
    name="whitespace/mismatch (build/ros2_can/cmake_install.cmake:109)"
    classname="ros2_can.lint_cmake"
  >
      <failure message="Mismatching spaces inside () after command"/>
  </testcase>
  <testcase
    name="whitespace/indent (build/ros2_can/cmake_install.cmake:126)"
    classname="ros2_can.lint_cmake"
  >
      <failure message="Weird indentation; use 2 spaces"/>
  </testcase>
  <testcase
    name="whitespace/indent (build/ros2_can/cmake_install.cmake:128)"
    classname="ros2_can.lint_cmake"
  >
      <failure message="Weird indentation; use 2 spaces"/>
  </testcase>
  <testcase
    name="build/ros2_can/CMakeFiles/CMakeDirectoryInformation.cmake"
    classname="ros2_can.lint_cmake"/>
  <testcase
    name="whitespace/mismatch (build/ros2_can/CMakeFiles/Makefile.cmake:8)"
    classname="ros2_can.lint_cmake"
  >
      <failure message="Mismatching spaces inside () after command"/>
  </testcase>
  <testcase
    name="whitespace/mismatch (build/ros2_can/CMakeFiles/Makefile.cmake:629)"
    classname="ros2_can.lint_cmake"
  >
      <failure message="Mismatching spaces inside () after command"/>
  </testcase>
  <testcase
    name="whitespace/mismatch (build/ros2_can/CMakeFiles/Makefile.cmake:635)"
    classname="ros2_can.lint_cmake"
  >
      <failure message="Mismatching spaces inside () after command"/>
  </testcase>
  <testcase
    name="whitespace/mismatch (build/ros2_can/CMakeFiles/Makefile.cmake:662)"
    classname="ros2_can.lint_cmake"
  >
      <failure message="Mismatching spaces inside () after command"/>
  </testcase>
  <testcase
    name="whitespace/mismatch (build/ros2_can/CMakeFiles/3.16.3/CMakeCCompiler.cmake:30)"
    classname="ros2_can.lint_cmake"
  >
      <failure message="Mismatching spaces inside () after command"/>
  </testcase>
  <testcase
    name="whitespace/mismatch (build/ros2_can/CMakeFiles/3.16.3/CMakeCCompiler.cmake:31)"
    classname="ros2_can.lint_cmake"
  >
      <failure message="Mismatching spaces inside () after command"/>
  </testcase>
  <testcase
    name="whitespace/mismatch (build/ros2_can/CMakeFiles/3.16.3/CMakeCXXCompiler.cmake:32)"
    classname="ros2_can.lint_cmake"
  >
      <failure message="Mismatching spaces inside () after command"/>
  </testcase>
  <testcase
    name="whitespace/mismatch (build/ros2_can/CMakeFiles/3.16.3/CMakeCXXCompiler.cmake:33)"
    classname="ros2_can.lint_cmake"
  >
      <failure message="Mismatching spaces inside () after command"/>
  </testcase>
  <testcase
    name="whitespace/extra (build/ros2_can/CMakeFiles/3.16.3/CMakeCXXCompiler.cmake:48)"
    classname="ros2_can.lint_cmake"
  >
      <failure message="Extra spaces between 'foreach' and its ()"/>
  </testcase>
  <testcase
    name="whitespace/extra (build/ros2_can/CMakeFiles/3.16.3/CMakeCXXCompiler.cmake:49)"
    classname="ros2_can.lint_cmake"
  >
      <failure message="Extra spaces between 'if' and its ()"/>
  </testcase>
  <testcase
    name="build/ros2_can/CMakeFiles/3.16.3/CMakeSystem.cmake"
    classname="ros2_can.lint_cmake"/>
  <testcase
    name="whitespace/mismatch (build/ros2_can/CMakeFiles/ros2_can_uninstall.dir/DependInfo.cmake:2)"
    classname="ros2_can.lint_cmake"
  >
      <failure message="Mismatching spaces inside () after command"/>
  </testcase>
  <testcase
    name="whitespace/mismatch (build/ros2_can/CMakeFiles/ros2_can_uninstall.dir/DependInfo.cmake:7)"
    classname="ros2_can.lint_cmake"
  >
      <failure message="Mismatching spaces inside () after command"/>
  </testcase>
  <testcase
    name="whitespace/mismatch (build/ros2_can/CMakeFiles/ros2_can_uninstall.dir/cmake_clean.cmake:6)"
    classname="ros2_can.lint_cmake"
  >
      <failure message="Mismatching spaces inside () after command"/>
  </testcase>
  <testcase
    name="whitespace/mismatch (build/ros2_can/CMakeFiles/teleop2pcan.dir/DependInfo.cmake:2)"
    classname="ros2_can.lint_cmake"
  >
      <failure message="Mismatching spaces inside () after command"/>
  </testcase>
  <testcase
    name="whitespace/mismatch (build/ros2_can/CMakeFiles/teleop2pcan.dir/DependInfo.cmake:6)"
    classname="ros2_can.lint_cmake"
  >
      <failure message="Mismatching spaces inside () after command"/>
  </testcase>
  <testcase
    name="whitespace/mismatch (build/ros2_can/CMakeFiles/teleop2pcan.dir/DependInfo.cmake:12)"
    classname="ros2_can.lint_cmake"
  >
      <failure message="Mismatching spaces inside () after command"/>
  </testcase>
  <testcase
    name="whitespace/mismatch (build/ros2_can/CMakeFiles/teleop2pcan.dir/DependInfo.cmake:19)"
    classname="ros2_can.lint_cmake"
  >
      <failure message="Mismatching spaces inside () after command"/>
  </testcase>
  <testcase
    name="whitespace/mismatch (build/ros2_can/CMakeFiles/teleop2pcan.dir/DependInfo.cmake:24)"
    classname="ros2_can.lint_cmake"
  >
      <failure message="Mismatching spaces inside () after command"/>
  </testcase>
  <testcase
    name="build/ros2_can/CMakeFiles/teleop2pcan.dir/cmake_clean.cmake"
    classname="ros2_can.lint_cmake"/>
  <testcase
    name="whitespace/mismatch (build/ros2_can/CMakeFiles/uninstall.dir/DependInfo.cmake:2)"
    classname="ros2_can.lint_cmake"
  >
      <failure message="Mismatching spaces inside () after command"/>
  </testcase>
  <testcase
    name="whitespace/mismatch (build/ros2_can/CMakeFiles/uninstall.dir/DependInfo.cmake:7)"
    classname="ros2_can.lint_cmake"
  >
      <failure message="Mismatching spaces inside () after command"/>
  </testcase>
  <testcase
    name="whitespace/mismatch (build/ros2_can/CMakeFiles/uninstall.dir/cmake_clean.cmake:3)"
    classname="ros2_can.lint_cmake"
  >
      <failure message="Mismatching spaces inside () after command"/>
  </testcase>
  <testcase
    name="whitespace/mismatch (build/ros2_can/ament_cmake_core/package.cmake:7)"
    classname="ros2_can.lint_cmake"
  >
      <failure message="Mismatching spaces inside () after command"/>
  </testcase>
  <testcase
    name="whitespace/mismatch (build/ros2_can/ament_cmake_core/package.cmake:10)"
    classname="ros2_can.lint_cmake"
  >
      <failure message="Mismatching spaces inside () after command"/>
  </testcase>
  <testcase
    name="whitespace/mismatch (build/ros2_can/ament_cmake_core/package.cmake:11)"
    classname="ros2_can.lint_cmake"
  >
      <failure message="Mismatching spaces inside () after command"/>
  </testcase>
  <testcase
    name="build/ros2_can/ament_cmake_core/ros2_canConfig-version.cmake"
    classname="ros2_can.lint_cmake"/>
  <testcase
    name="build/ros2_can/ament_cmake_core/ros2_canConfig.cmake"
    classname="ros2_can.lint_cmake"/>
  <testcase
    name="linelength (build/ros2_can/ament_cmake_package_templates/templates.cmake:1)"
    classname="ros2_can.lint_cmake"
  >
      <failure message="Lines should be &lt;= 80 characters long"/>
  </testcase>
  <testcase
    name="build/ros2_can/ament_cmake_uninstall_target/ament_cmake_uninstall_target.cmake"
    classname="ros2_can.lint_cmake"/>
  <testcase
    name="install/ros2_can/share/ros2_can/cmake/ros2_canConfig-version.cmake"
    classname="ros2_can.lint_cmake"/>
  <testcase
    name="install/ros2_can/share/ros2_can/cmake/ros2_canConfig.cmake"
    classname="ros2_can.lint_cmake"/>
  <system-out>Checked files:
* CMakeLists.txt
* build/ros2_can/CTestCustom.cmake
* build/ros2_can/CTestTestfile.cmake
* build/ros2_can/cmake_install.cmake
* build/ros2_can/CMakeFiles/CMakeDirectoryInformation.cmake
* build/ros2_can/CMakeFiles/Makefile.cmake
* build/ros2_can/CMakeFiles/3.16.3/CMakeCCompiler.cmake
* build/ros2_can/CMakeFiles/3.16.3/CMakeCXXCompiler.cmake
* build/ros2_can/CMakeFiles/3.16.3/CMakeSystem.cmake
* build/ros2_can/CMakeFiles/ros2_can_uninstall.dir/DependInfo.cmake
* build/ros2_can/CMakeFiles/ros2_can_uninstall.dir/cmake_clean.cmake
* build/ros2_can/CMakeFiles/teleop2pcan.dir/DependInfo.cmake
* build/ros2_can/CMakeFiles/teleop2pcan.dir/cmake_clean.cmake
* build/ros2_can/CMakeFiles/uninstall.dir/DependInfo.cmake
* build/ros2_can/CMakeFiles/uninstall.dir/cmake_clean.cmake
* build/ros2_can/ament_cmake_core/package.cmake
* build/ros2_can/ament_cmake_core/ros2_canConfig-version.cmake
* build/ros2_can/ament_cmake_core/ros2_canConfig.cmake
* build/ros2_can/ament_cmake_package_templates/templates.cmake
* build/ros2_can/ament_cmake_uninstall_target/ament_cmake_uninstall_target.cmake
* install/ros2_can/share/ros2_can/cmake/ros2_canConfig-version.cmake
* install/ros2_can/share/ros2_can/cmake/ros2_canConfig.cmake</system-out>
</testsuite>
