Start testing: Sep 15 11:31 CEST
----------------------------------------------------------
1/6 Testing: copyright
1/6 Test: copyright
Command: "/usr/bin/python3" "-u" "/opt/ros/foxy/share/ament_cmake_test/cmake/run_test.py" "/home/adm_bur7746m/ros2can/build/ros2_can/test_results/ros2_can/copyright.xunit.xml" "--package-name" "ros2_can" "--output-file" "/home/adm_bur7746m/ros2can/build/ros2_can/ament_copyright/copyright.txt" "--command" "/opt/ros/foxy/bin/ament_copyright" "--xunit-file" "/home/adm_bur7746m/ros2can/build/ros2_can/test_results/ros2_can/copyright.xunit.xml"
Directory: /home/adm_bur7746m/ros2can
"copyright" start time: Sep 15 11:31 CEST
Output:
----------------------------------------------------------
-- run_test.py: invoking following command in '/home/adm_bur7746m/ros2can':
 - /opt/ros/foxy/bin/ament_copyright --xunit-file /home/adm_bur7746m/ros2can/build/ros2_can/test_results/ros2_can/copyright.xunit.xml
CONTRIBUTING.md: file not found
LICENSE: file not found
build/ros2_can/CMakeFiles/3.16.3/CMakeCCompiler.cmake: could not find copyright notice
build/ros2_can/CMakeFiles/3.16.3/CMakeCXXCompiler.cmake: could not find copyright notice
build/ros2_can/CMakeFiles/3.16.3/CMakeSystem.cmake: could not find copyright notice
build/ros2_can/CMakeFiles/3.16.3/CompilerIdC/CMakeCCompilerId.c: could not find copyright notice
build/ros2_can/CMakeFiles/3.16.3/CompilerIdCXX/CMakeCXXCompilerId.cpp: could not find copyright notice
build/ros2_can/CMakeFiles/CMakeDirectoryInformation.cmake: could not find copyright notice
build/ros2_can/CMakeFiles/Makefile.cmake: could not find copyright notice
build/ros2_can/CMakeFiles/ros2_can_uninstall.dir/DependInfo.cmake: could not find copyright notice
build/ros2_can/CMakeFiles/ros2_can_uninstall.dir/cmake_clean.cmake: could not find copyright notice
build/ros2_can/CMakeFiles/teleop2pcan.dir/DependInfo.cmake: could not find copyright notice
build/ros2_can/CMakeFiles/teleop2pcan.dir/cmake_clean.cmake: could not find copyright notice
build/ros2_can/CMakeFiles/uninstall.dir/DependInfo.cmake: could not find copyright notice
build/ros2_can/CMakeFiles/uninstall.dir/cmake_clean.cmake: could not find copyright notice
build/ros2_can/CTestCustom.cmake: could not find copyright notice
build/ros2_can/CTestTestfile.cmake: could not find copyright notice
build/ros2_can/ament_cmake_core/package.cmake: could not find copyright notice
build/ros2_can/ament_cmake_core/ros2_canConfig-version.cmake: could not find copyright notice
build/ros2_can/ament_cmake_core/ros2_canConfig.cmake: could not find copyright notice
build/ros2_can/ament_cmake_package_templates/templates.cmake: could not find copyright notice
build/ros2_can/ament_cmake_uninstall_target/ament_cmake_uninstall_target.cmake: could not find copyright notice
build/ros2_can/cmake_install.cmake: could not find copyright notice
install/_local_setup_util_ps1.py: copyright=Dirk Thomas (2016-2019), license=<unknown>
install/_local_setup_util_sh.py: copyright=Dirk Thomas (2016-2019), license=<unknown>
install/ros2_can/share/ros2_can/cmake/ros2_canConfig-version.cmake: could not find copyright notice
install/ros2_can/share/ros2_can/cmake/ros2_canConfig.cmake: could not find copyright notice
src/foxypcan.h: could not find copyright notice
src/teleop2pcan.cpp: could not find copyright notice
29 errors, checked 29 files
-- run_test.py: return code 1
-- run_test.py: verify result file '/home/adm_bur7746m/ros2can/build/ros2_can/test_results/ros2_can/copyright.xunit.xml'
<end of output>
Test time =   0.49 sec
----------------------------------------------------------
Test Failed.
"copyright" end time: Sep 15 11:31 CEST
"copyright" time elapsed: 00:00:00
----------------------------------------------------------

2/6 Testing: cppcheck
2/6 Test: cppcheck
Command: "/usr/bin/python3" "-u" "/opt/ros/foxy/share/ament_cmake_test/cmake/run_test.py" "/home/adm_bur7746m/ros2can/build/ros2_can/test_results/ros2_can/cppcheck.xunit.xml" "--package-name" "ros2_can" "--output-file" "/home/adm_bur7746m/ros2can/build/ros2_can/ament_cppcheck/cppcheck.txt" "--command" "/opt/ros/foxy/bin/ament_cppcheck" "--xunit-file" "/home/adm_bur7746m/ros2can/build/ros2_can/test_results/ros2_can/cppcheck.xunit.xml"
Directory: /home/adm_bur7746m/ros2can
"cppcheck" start time: Sep 15 11:31 CEST
Output:
----------------------------------------------------------
-- run_test.py: invoking following command in '/home/adm_bur7746m/ros2can':
 - /opt/ros/foxy/bin/ament_cppcheck --xunit-file /home/adm_bur7746m/ros2can/build/ros2_can/test_results/ros2_can/cppcheck.xunit.xml
No problems found
-- run_test.py: return code 0
-- run_test.py: verify result file '/home/adm_bur7746m/ros2can/build/ros2_can/test_results/ros2_can/cppcheck.xunit.xml'
<end of output>
Test time =   0.68 sec
----------------------------------------------------------
Test Passed.
"cppcheck" end time: Sep 15 11:31 CEST
"cppcheck" time elapsed: 00:00:00
----------------------------------------------------------

3/6 Testing: cpplint
3/6 Test: cpplint
Command: "/usr/bin/python3" "-u" "/opt/ros/foxy/share/ament_cmake_test/cmake/run_test.py" "/home/adm_bur7746m/ros2can/build/ros2_can/test_results/ros2_can/cpplint.xunit.xml" "--package-name" "ros2_can" "--output-file" "/home/adm_bur7746m/ros2can/build/ros2_can/ament_cpplint/cpplint.txt" "--command" "/opt/ros/foxy/bin/ament_cpplint" "--xunit-file" "/home/adm_bur7746m/ros2can/build/ros2_can/test_results/ros2_can/cpplint.xunit.xml"
Directory: /home/adm_bur7746m/ros2can
"cpplint" start time: Sep 15 11:31 CEST
Output:
----------------------------------------------------------
-- run_test.py: invoking following command in '/home/adm_bur7746m/ros2can':
 - /opt/ros/foxy/bin/ament_cpplint --xunit-file /home/adm_bur7746m/ros2can/build/ros2_can/test_results/ros2_can/cpplint.xunit.xml
/home/adm_bur7746m/ros2can/build/ros2_can/CMakeFiles/3.16.3/CompilerIdC/CMakeCCompilerId.c:0:  No copyright message found.  You should have a line: "Copyright [year] <Copyright Owner>"  [legal/copyright] [5]
/home/adm_bur7746m/ros2can/build/ros2_can/CMakeFiles/3.16.3/CompilerIdC/CMakeCCompilerId.c:270:  Lines should be <= 100 characters long  [whitespace/line_length] [2]
/home/adm_bur7746m/ros2can/build/ros2_can/CMakeFiles/3.16.3/CompilerIdC/CMakeCCompilerId.c:286:  Lines should be <= 100 characters long  [whitespace/line_length] [2]
/home/adm_bur7746m/ros2can/build/ros2_can/CMakeFiles/3.16.3/CompilerIdC/CMakeCCompilerId.c:569:  Missing space after ,  [whitespace/comma] [3]
/home/adm_bur7746m/ros2can/build/ros2_can/CMakeFiles/3.16.3/CompilerIdC/CMakeCCompilerId.c:580:  Missing space after ,  [whitespace/comma] [3]
/home/adm_bur7746m/ros2can/build/ros2_can/CMakeFiles/3.16.3/CompilerIdC/CMakeCCompilerId.c:587:  Missing space after ,  [whitespace/comma] [3]
/home/adm_bur7746m/ros2can/build/ros2_can/CMakeFiles/3.16.3/CompilerIdC/CMakeCCompilerId.c:588:  Missing space after ,  [whitespace/comma] [3]
/home/adm_bur7746m/ros2can/build/ros2_can/CMakeFiles/3.16.3/CompilerIdC/CMakeCCompilerId.c:589:  Missing space after ,  [whitespace/comma] [3]
/home/adm_bur7746m/ros2can/build/ros2_can/CMakeFiles/3.16.3/CompilerIdC/CMakeCCompilerId.c:596:  Missing space after ,  [whitespace/comma] [3]
/home/adm_bur7746m/ros2can/build/ros2_can/CMakeFiles/3.16.3/CompilerIdC/CMakeCCompilerId.c:607:  Missing space after ,  [whitespace/comma] [3]
/home/adm_bur7746m/ros2can/build/ros2_can/CMakeFiles/3.16.3/CompilerIdCXX/CMakeCXXCompilerId.cpp:0:  No copyright message found.  You should have a line: "Copyright [year] <Copyright Owner>"  [legal/copyright] [5]
/home/adm_bur7746m/ros2can/build/ros2_can/CMakeFiles/3.16.3/CompilerIdCXX/CMakeCXXCompilerId.cpp:268:  Lines should be <= 100 characters long  [whitespace/line_length] [2]
/home/adm_bur7746m/ros2can/build/ros2_can/CMakeFiles/3.16.3/CompilerIdCXX/CMakeCXXCompilerId.cpp:284:  Lines should be <= 100 characters long  [whitespace/line_length] [2]
/home/adm_bur7746m/ros2can/build/ros2_can/CMakeFiles/3.16.3/CompilerIdCXX/CMakeCXXCompilerId.cpp:554:  Missing space after ,  [whitespace/comma] [3]
/home/adm_bur7746m/ros2can/build/ros2_can/CMakeFiles/3.16.3/CompilerIdCXX/CMakeCXXCompilerId.cpp:565:  Missing space after ,  [whitespace/comma] [3]
/home/adm_bur7746m/ros2can/build/ros2_can/CMakeFiles/3.16.3/CompilerIdCXX/CMakeCXXCompilerId.cpp:572:  Missing space after ,  [whitespace/comma] [3]
/home/adm_bur7746m/ros2can/build/ros2_can/CMakeFiles/3.16.3/CompilerIdCXX/CMakeCXXCompilerId.cpp:573:  Missing space after ,  [whitespace/comma] [3]
/home/adm_bur7746m/ros2can/build/ros2_can/CMakeFiles/3.16.3/CompilerIdCXX/CMakeCXXCompilerId.cpp:574:  Missing space after ,  [whitespace/comma] [3]
/home/adm_bur7746m/ros2can/build/ros2_can/CMakeFiles/3.16.3/CompilerIdCXX/CMakeCXXCompilerId.cpp:581:  Missing space after ,  [whitespace/comma] [3]
/home/adm_bur7746m/ros2can/build/ros2_can/CMakeFiles/3.16.3/CompilerIdCXX/CMakeCXXCompilerId.cpp:592:  Missing space after ,  [whitespace/comma] [3]
/home/adm_bur7746m/ros2can/src/foxypcan.h:0:  No copyright message found.  You should have a line: "Copyright [year] <Copyright Owner>"  [legal/copyright] [5]
/home/adm_bur7746m/ros2can/src/foxypcan.h:0:  No #ifndef header guard found, suggested CPP variable is: FOXYPCAN_H_  [build/header_guard] [5]
/home/adm_bur7746m/ros2can/src/foxypcan.h:8:  "chrono" already included at /home/adm_bur7746m/ros2can/src/foxypcan.h:1  [build/include] [4]
/home/adm_bur7746m/ros2can/src/foxypcan.h:9:  Should have a space between // and comment  [whitespace/comments] [4]
/home/adm_bur7746m/ros2can/src/foxypcan.h:10:  Found C system header after C++ system header. Should be: foxypcan.h, c system, c++ system, other.  [build/include_order] [4]
/home/adm_bur7746m/ros2can/src/foxypcan.h:11:  Found C system header after C++ system header. Should be: foxypcan.h, c system, c++ system, other.  [build/include_order] [4]
/home/adm_bur7746m/ros2can/src/foxypcan.h:12:  Should have a space between // and comment  [whitespace/comments] [4]
/home/adm_bur7746m/ros2can/src/foxypcan.h:13:  Should have a space between // and comment  [whitespace/comments] [4]
/home/adm_bur7746m/ros2can/src/foxypcan.h:14:  Should have a space between // and comment  [whitespace/comments] [4]
/home/adm_bur7746m/ros2can/src/foxypcan.h:16:  Should have a space between // and comment  [whitespace/comments] [4]
/home/adm_bur7746m/ros2can/src/foxypcan.h:20:  Should have a space between // and comment  [whitespace/comments] [4]
/home/adm_bur7746m/ros2can/src/foxypcan.h:21:  Should have a space between // and comment  [whitespace/comments] [4]
/home/adm_bur7746m/ros2can/src/foxypcan.h:22:  Found C system header after other header. Should be: foxypcan.h, c system, c++ system, other.  [build/include_order] [4]
/home/adm_bur7746m/ros2can/src/foxypcan.h:23:  Found C system header after other header. Should be: foxypcan.h, c system, c++ system, other.  [build/include_order] [4]
/home/adm_bur7746m/ros2can/src/foxypcan.h:24:  Found C system header after other header. Should be: foxypcan.h, c system, c++ system, other.  [build/include_order] [4]
/home/adm_bur7746m/ros2can/src/foxypcan.h:25:  Found C system header after other header. Should be: foxypcan.h, c system, c++ system, other.  [build/include_order] [4]
/home/adm_bur7746m/ros2can/src/foxypcan.h:26:  Found C system header after other header. Should be: foxypcan.h, c system, c++ system, other.  [build/include_order] [4]
/home/adm_bur7746m/ros2can/src/foxypcan.h:27:  Found C system header after other header. Should be: foxypcan.h, c system, c++ system, other.  [build/include_order] [4]
/home/adm_bur7746m/ros2can/src/foxypcan.h:35:  Tab found; better to use spaces  [whitespace/tab] [1]
/home/adm_bur7746m/ros2can/src/foxypcan.h:38:  Tab found; better to use spaces  [whitespace/tab] [1]
/home/adm_bur7746m/ros2can/src/teleop2pcan.cpp:0:  No copyright message found.  You should have a line: "Copyright [year] <Copyright Owner>"  [legal/copyright] [5]
/home/adm_bur7746m/ros2can/src/teleop2pcan.cpp:1:  Include the directory when naming .h files  [build/include] [4]
/home/adm_bur7746m/ros2can/src/teleop2pcan.cpp:18:  Line ends in whitespace.  Consider deleting these extra spaces.  [whitespace/end_of_line] [4]
/home/adm_bur7746m/ros2can/src/teleop2pcan.cpp:18:  Do not leave a blank line after "private:"  [whitespace/blank_line] [3]
/home/adm_bur7746m/ros2can/src/teleop2pcan.cpp:19:  Line ends in whitespace.  Consider deleting these extra spaces.  [whitespace/end_of_line] [4]
/home/adm_bur7746m/ros2can/src/teleop2pcan.cpp:22:  Tab found; better to use spaces  [whitespace/tab] [1]
/home/adm_bur7746m/ros2can/src/teleop2pcan.cpp:22:  Missing spaces around =  [whitespace/operators] [4]
/home/adm_bur7746m/ros2can/src/teleop2pcan.cpp:23:  Tab found; better to use spaces  [whitespace/tab] [1]
/home/adm_bur7746m/ros2can/src/teleop2pcan.cpp:23:  Missing spaces around =  [whitespace/operators] [4]
/home/adm_bur7746m/ros2can/src/teleop2pcan.cpp:25:  Missing spaces around =  [whitespace/operators] [4]
/home/adm_bur7746m/ros2can/src/teleop2pcan.cpp:27:  Line ends in whitespace.  Consider deleting these extra spaces.  [whitespace/end_of_line] [4]
/home/adm_bur7746m/ros2can/src/teleop2pcan.cpp:29:  Missing spaces around =  [whitespace/operators] [4]
/home/adm_bur7746m/ros2can/src/teleop2pcan.cpp:31:  Line ends in whitespace.  Consider deleting these extra spaces.  [whitespace/end_of_line] [4]
/home/adm_bur7746m/ros2can/src/teleop2pcan.cpp:32:  Tab found; better to use spaces  [whitespace/tab] [1]
/home/adm_bur7746m/ros2can/src/teleop2pcan.cpp:33:  Tab found; better to use spaces  [whitespace/tab] [1]
/home/adm_bur7746m/ros2can/src/teleop2pcan.cpp:34:  Tab found; better to use spaces  [whitespace/tab] [1]
/home/adm_bur7746m/ros2can/src/teleop2pcan.cpp:35:  Tab found; better to use spaces  [whitespace/tab] [1]
/home/adm_bur7746m/ros2can/src/teleop2pcan.cpp:36:  Line ends in whitespace.  Consider deleting these extra spaces.  [whitespace/end_of_line] [4]
/home/adm_bur7746m/ros2can/src/teleop2pcan.cpp:37:  Tab found; better to use spaces  [whitespace/tab] [1]
/home/adm_bur7746m/ros2can/src/teleop2pcan.cpp:37:  Missing spaces around =  [whitespace/operators] [4]
/home/adm_bur7746m/ros2can/src/teleop2pcan.cpp:38:  Tab found; better to use spaces  [whitespace/tab] [1]
/home/adm_bur7746m/ros2can/src/teleop2pcan.cpp:38:  Missing spaces around =  [whitespace/operators] [4]
/home/adm_bur7746m/ros2can/src/teleop2pcan.cpp:39:  Tab found; better to use spaces  [whitespace/tab] [1]
/home/adm_bur7746m/ros2can/src/teleop2pcan.cpp:39:  Using C-style cast.  Use static_cast<int>(...) instead  [readability/casting] [4]
/home/adm_bur7746m/ros2can/src/teleop2pcan.cpp:40:  Tab found; better to use spaces  [whitespace/tab] [1]
/home/adm_bur7746m/ros2can/src/teleop2pcan.cpp:40:  Missing spaces around =  [whitespace/operators] [4]
/home/adm_bur7746m/ros2can/src/teleop2pcan.cpp:41:  Tab found; better to use spaces  [whitespace/tab] [1]
/home/adm_bur7746m/ros2can/src/teleop2pcan.cpp:41:  Missing spaces around =  [whitespace/operators] [4]
/home/adm_bur7746m/ros2can/src/teleop2pcan.cpp:42:  Tab found; better to use spaces  [whitespace/tab] [1]
/home/adm_bur7746m/ros2can/src/teleop2pcan.cpp:42:  Missing spaces around =  [whitespace/operators] [4]
/home/adm_bur7746m/ros2can/src/teleop2pcan.cpp:43:  Tab found; better to use spaces  [whitespace/tab] [1]
/home/adm_bur7746m/ros2can/src/teleop2pcan.cpp:43:  Missing spaces around =  [whitespace/operators] [4]
/home/adm_bur7746m/ros2can/src/teleop2pcan.cpp:44:  Tab found; better to use spaces  [whitespace/tab] [1]
/home/adm_bur7746m/ros2can/src/teleop2pcan.cpp:44:  Missing spaces around =  [whitespace/operators] [4]
/home/adm_bur7746m/ros2can/src/teleop2pcan.cpp:46:  Line ends in whitespace.  Consider deleting these extra spaces.  [whitespace/end_of_line] [4]
/home/adm_bur7746m/ros2can/src/teleop2pcan.cpp:47:  Lines should be <= 100 characters long  [whitespace/line_length] [2]
/home/adm_bur7746m/ros2can/src/teleop2pcan.cpp:47:  Missing space after ,  [whitespace/comma] [3]
/home/adm_bur7746m/ros2can/src/teleop2pcan.cpp:50:  Line ends in whitespace.  Consider deleting these extra spaces.  [whitespace/end_of_line] [4]
/home/adm_bur7746m/ros2can/src/teleop2pcan.cpp:50:  Redundant blank line at the end of a code block should be deleted.  [whitespace/blank_line] [3]
/home/adm_bur7746m/ros2can/src/teleop2pcan.cpp:60:  Line ends in whitespace.  Consider deleting these extra spaces.  [whitespace/end_of_line] [4]
/home/adm_bur7746m/ros2can/src/teleop2pcan.cpp:60:  Redundant blank line at the end of a code block should be deleted.  [whitespace/blank_line] [3]
/home/adm_bur7746m/ros2can/src/teleop2pcan.cpp:57:  Add #include <memory> for make_shared<>  [build/include_what_you_use] [4]
Category 'build/header_guard' errors found: 1
Category 'build/include' errors found: 2
Category 'build/include_order' errors found: 8
Category 'build/include_what_you_use' errors found: 1
Category 'legal/copyright' errors found: 4
Category 'readability/casting' errors found: 1
Category 'whitespace/blank_line' errors found: 3
Category 'whitespace/comma' errors found: 15
Category 'whitespace/comments' errors found: 7
Category 'whitespace/end_of_line' errors found: 8
Category 'whitespace/line_length' errors found: 5
Category 'whitespace/operators' errors found: 11
Category 'whitespace/tab' errors found: 16
Total errors found: 82
Not using '--root'

Done processing /home/adm_bur7746m/ros2can/build/ros2_can/CMakeFiles/3.16.3/CompilerIdC/CMakeCCompilerId.c

Done processing /home/adm_bur7746m/ros2can/build/ros2_can/CMakeFiles/3.16.3/CompilerIdCXX/CMakeCXXCompilerId.cpp

Using '--root=/home/adm_bur7746m/ros2can/src' argument

Done processing /home/adm_bur7746m/ros2can/src/foxypcan.h

Done processing /home/adm_bur7746m/ros2can/src/teleop2pcan.cpp

-- run_test.py: return code 1
-- run_test.py: verify result file '/home/adm_bur7746m/ros2can/build/ros2_can/test_results/ros2_can/cpplint.xunit.xml'
<end of output>
Test time =   0.65 sec
----------------------------------------------------------
Test Failed.
"cpplint" end time: Sep 15 11:31 CEST
"cpplint" time elapsed: 00:00:00
----------------------------------------------------------

4/6 Testing: lint_cmake
4/6 Test: lint_cmake
Command: "/usr/bin/python3" "-u" "/opt/ros/foxy/share/ament_cmake_test/cmake/run_test.py" "/home/adm_bur7746m/ros2can/build/ros2_can/test_results/ros2_can/lint_cmake.xunit.xml" "--package-name" "ros2_can" "--output-file" "/home/adm_bur7746m/ros2can/build/ros2_can/ament_lint_cmake/lint_cmake.txt" "--command" "/opt/ros/foxy/bin/ament_lint_cmake" "--xunit-file" "/home/adm_bur7746m/ros2can/build/ros2_can/test_results/ros2_can/lint_cmake.xunit.xml"
Directory: /home/adm_bur7746m/ros2can
"lint_cmake" start time: Sep 15 11:31 CEST
Output:
----------------------------------------------------------
-- run_test.py: invoking following command in '/home/adm_bur7746m/ros2can':
 - /opt/ros/foxy/bin/ament_lint_cmake --xunit-file /home/adm_bur7746m/ros2can/build/ros2_can/test_results/ros2_can/lint_cmake.xunit.xml
CMakeLists.txt:32: Do not mix upper and lower case commands [readability/mixedcase]
CMakeLists.txt:32: Mismatching spaces inside () after command [whitespace/mismatch]
CMakeLists.txt:47: Weird indentation; use 2 spaces [whitespace/indent]
CMakeLists.txt:47: Line ends in whitespace [whitespace/eol]
CMakeLists.txt:48: Weird indentation; use 2 spaces [whitespace/indent]
CMakeLists.txt:48: Line ends in whitespace [whitespace/eol]
CMakeLists.txt:49: Weird indentation; use 2 spaces [whitespace/indent]
CMakeLists.txt:51: Weird indentation; use 2 spaces [whitespace/indent]
CMakeLists.txt:51: Line ends in whitespace [whitespace/eol]

build/ros2_can/CTestTestfile.cmake:1: Line ends in whitespace [whitespace/eol]
build/ros2_can/CTestTestfile.cmake:4: Line ends in whitespace [whitespace/eol]
build/ros2_can/CTestTestfile.cmake:5: Line ends in whitespace [whitespace/eol]
build/ros2_can/CTestTestfile.cmake:7: Lines should be <= 80 characters long [linelength]

build/ros2_can/cmake_install.cmake:13: Weird indentation; use 2 spaces [whitespace/indent]
build/ros2_can/cmake_install.cmake:42: Weird indentation; use 2 spaces [whitespace/indent]
build/ros2_can/cmake_install.cmake:44: Weird indentation; use 2 spaces [whitespace/indent]
build/ros2_can/cmake_install.cmake:45: Weird indentation; use 2 spaces [whitespace/indent]
build/ros2_can/cmake_install.cmake:49: Weird indentation; use 2 spaces [whitespace/indent]
build/ros2_can/cmake_install.cmake:51: Weird indentation; use 2 spaces [whitespace/indent]
build/ros2_can/cmake_install.cmake:52: Weird indentation; use 2 spaces [whitespace/indent]
build/ros2_can/cmake_install.cmake:53: Weird indentation; use 2 spaces [whitespace/indent]
build/ros2_can/cmake_install.cmake:109: Mismatching spaces inside () after command [whitespace/mismatch]
build/ros2_can/cmake_install.cmake:126: Weird indentation; use 2 spaces [whitespace/indent]
build/ros2_can/cmake_install.cmake:128: Weird indentation; use 2 spaces [whitespace/indent]

build/ros2_can/CMakeFiles/Makefile.cmake:8: Mismatching spaces inside () after command [whitespace/mismatch]
build/ros2_can/CMakeFiles/Makefile.cmake:629: Mismatching spaces inside () after command [whitespace/mismatch]
build/ros2_can/CMakeFiles/Makefile.cmake:635: Mismatching spaces inside () after command [whitespace/mismatch]
build/ros2_can/CMakeFiles/Makefile.cmake:662: Mismatching spaces inside () after command [whitespace/mismatch]

build/ros2_can/CMakeFiles/3.16.3/CMakeCCompiler.cmake:30: Mismatching spaces inside () after command [whitespace/mismatch]
build/ros2_can/CMakeFiles/3.16.3/CMakeCCompiler.cmake:31: Mismatching spaces inside () after command [whitespace/mismatch]

build/ros2_can/CMakeFiles/3.16.3/CMakeCXXCompiler.cmake:32: Mismatching spaces inside () after command [whitespace/mismatch]
build/ros2_can/CMakeFiles/3.16.3/CMakeCXXCompiler.cmake:33: Mismatching spaces inside () after command [whitespace/mismatch]
build/ros2_can/CMakeFiles/3.16.3/CMakeCXXCompiler.cmake:48: Extra spaces between 'foreach' and its () [whitespace/extra]
build/ros2_can/CMakeFiles/3.16.3/CMakeCXXCompiler.cmake:49: Extra spaces between 'if' and its () [whitespace/extra]

build/ros2_can/CMakeFiles/ros2_can_uninstall.dir/DependInfo.cmake:2: Mismatching spaces inside () after command [whitespace/mismatch]
build/ros2_can/CMakeFiles/ros2_can_uninstall.dir/DependInfo.cmake:7: Mismatching spaces inside () after command [whitespace/mismatch]

build/ros2_can/CMakeFiles/ros2_can_uninstall.dir/cmake_clean.cmake:6: Mismatching spaces inside () after command [whitespace/mismatch]

build/ros2_can/CMakeFiles/teleop2pcan.dir/DependInfo.cmake:2: Mismatching spaces inside () after command [whitespace/mismatch]
build/ros2_can/CMakeFiles/teleop2pcan.dir/DependInfo.cmake:6: Mismatching spaces inside () after command [whitespace/mismatch]
build/ros2_can/CMakeFiles/teleop2pcan.dir/DependInfo.cmake:12: Mismatching spaces inside () after command [whitespace/mismatch]
build/ros2_can/CMakeFiles/teleop2pcan.dir/DependInfo.cmake:19: Mismatching spaces inside () after command [whitespace/mismatch]
build/ros2_can/CMakeFiles/teleop2pcan.dir/DependInfo.cmake:24: Mismatching spaces inside () after command [whitespace/mismatch]

build/ros2_can/CMakeFiles/uninstall.dir/DependInfo.cmake:2: Mismatching spaces inside () after command [whitespace/mismatch]
build/ros2_can/CMakeFiles/uninstall.dir/DependInfo.cmake:7: Mismatching spaces inside () after command [whitespace/mismatch]

build/ros2_can/CMakeFiles/uninstall.dir/cmake_clean.cmake:3: Mismatching spaces inside () after command [whitespace/mismatch]

build/ros2_can/ament_cmake_core/package.cmake:7: Mismatching spaces inside () after command [whitespace/mismatch]
build/ros2_can/ament_cmake_core/package.cmake:10: Mismatching spaces inside () after command [whitespace/mismatch]
build/ros2_can/ament_cmake_core/package.cmake:11: Mismatching spaces inside () after command [whitespace/mismatch]

build/ros2_can/ament_cmake_package_templates/templates.cmake:1: Lines should be <= 80 characters long [linelength]


49 errors
-- run_test.py: return code 1
-- run_test.py: verify result file '/home/adm_bur7746m/ros2can/build/ros2_can/test_results/ros2_can/lint_cmake.xunit.xml'
<end of output>
Test time =   0.46 sec
----------------------------------------------------------
Test Failed.
"lint_cmake" end time: Sep 15 11:31 CEST
"lint_cmake" time elapsed: 00:00:00
----------------------------------------------------------

5/6 Testing: uncrustify
5/6 Test: uncrustify
Command: "/usr/bin/python3" "-u" "/opt/ros/foxy/share/ament_cmake_test/cmake/run_test.py" "/home/adm_bur7746m/ros2can/build/ros2_can/test_results/ros2_can/uncrustify.xunit.xml" "--package-name" "ros2_can" "--output-file" "/home/adm_bur7746m/ros2can/build/ros2_can/ament_uncrustify/uncrustify.txt" "--command" "/opt/ros/foxy/bin/ament_uncrustify" "--xunit-file" "/home/adm_bur7746m/ros2can/build/ros2_can/test_results/ros2_can/uncrustify.xunit.xml"
Directory: /home/adm_bur7746m/ros2can
"uncrustify" start time: Sep 15 11:31 CEST
Output:
----------------------------------------------------------
-- run_test.py: invoking following command in '/home/adm_bur7746m/ros2can':
 - /opt/ros/foxy/bin/ament_uncrustify --xunit-file /home/adm_bur7746m/ros2can/build/ros2_can/test_results/ros2_can/uncrustify.xunit.xml
Code style divergence in file 'build/ros2_can/CMakeFiles/3.16.3/CompilerIdC/CMakeCCompilerId.c':

--- build/ros2_can/CMakeFiles/3.16.3/CompilerIdC/CMakeCCompilerId.c
+++ build/ros2_can/CMakeFiles/3.16.3/CompilerIdC/CMakeCCompilerId.c.uncrustify
@@ -26,3 +26,3 @@
-  /* __INTEL_COMPILER = VRP */
-# define COMPILER_VERSION_MAJOR DEC(__INTEL_COMPILER/100)
-# define COMPILER_VERSION_MINOR DEC(__INTEL_COMPILER/10 % 10)
+/* __INTEL_COMPILER = VRP */
+# define COMPILER_VERSION_MAJOR DEC(__INTEL_COMPILER / 100)
+# define COMPILER_VERSION_MINOR DEC(__INTEL_COMPILER / 10 % 10)
@@ -32 +32 @@
-#  define COMPILER_VERSION_PATCH DEC(__INTEL_COMPILER   % 10)
+#  define COMPILER_VERSION_PATCH DEC(__INTEL_COMPILER % 10)
@@ -35 +35 @@
-  /* __INTEL_COMPILER_BUILD_DATE = YYYYMMDD */
+/* __INTEL_COMPILER_BUILD_DATE = YYYYMMDD */
@@ -39 +39 @@
-   /* _MSC_VER = VVRR */
+/* _MSC_VER = VVRR */
@@ -65,3 +65,3 @@
-# define COMPILER_VERSION_MAJOR HEX(__CODEGEARC_VERSION__>>24 & 0x00FF)
-# define COMPILER_VERSION_MINOR HEX(__CODEGEARC_VERSION__>>16 & 0x00FF)
-# define COMPILER_VERSION_PATCH DEC(__CODEGEARC_VERSION__     & 0xFFFF)
+# define COMPILER_VERSION_MAJOR HEX(__CODEGEARC_VERSION__ >> 24 & 0x00FF)
+# define COMPILER_VERSION_MINOR HEX(__CODEGEARC_VERSION__ >> 16 & 0x00FF)
+# define COMPILER_VERSION_PATCH DEC(__CODEGEARC_VERSION__ & 0xFFFF)
@@ -71,2 +71,2 @@
-  /* __BORLANDC__ = 0xVRR */
-# define COMPILER_VERSION_MAJOR HEX(__BORLANDC__>>8)
+/* __BORLANDC__ = 0xVRR */
+# define COMPILER_VERSION_MAJOR HEX(__BORLANDC__ >> 8)
@@ -77 +77 @@
-   /* __WATCOMC__ = VVRR */
+/* __WATCOMC__ = VVRR */
@@ -86 +86 @@
-   /* __WATCOMC__ = VVRP + 1100 */
+/* __WATCOMC__ = VVRP + 1100 */
@@ -96,4 +96,4 @@
-   /* __SUNPRO_C = 0xVRRP */
-#  define COMPILER_VERSION_MAJOR HEX(__SUNPRO_C>>12)
-#  define COMPILER_VERSION_MINOR HEX(__SUNPRO_C>>4 & 0xFF)
-#  define COMPILER_VERSION_PATCH HEX(__SUNPRO_C    & 0xF)
+/* __SUNPRO_C = 0xVRRP */
+#  define COMPILER_VERSION_MAJOR HEX(__SUNPRO_C >> 12)
+#  define COMPILER_VERSION_MINOR HEX(__SUNPRO_C >> 4 & 0xFF)
+#  define COMPILER_VERSION_PATCH HEX(__SUNPRO_C & 0xF)
@@ -101,4 +101,4 @@
-   /* __SUNPRO_CC = 0xVRP */
-#  define COMPILER_VERSION_MAJOR HEX(__SUNPRO_C>>8)
-#  define COMPILER_VERSION_MINOR HEX(__SUNPRO_C>>4 & 0xF)
-#  define COMPILER_VERSION_PATCH HEX(__SUNPRO_C    & 0xF)
+/* __SUNPRO_CC = 0xVRP */
+#  define COMPILER_VERSION_MAJOR HEX(__SUNPRO_C >> 8)
+#  define COMPILER_VERSION_MINOR HEX(__SUNPRO_C >> 4 & 0xF)
+#  define COMPILER_VERSION_PATCH HEX(__SUNPRO_C & 0xF)
@@ -109,4 +109,4 @@
-  /* __HP_cc = VVRRPP */
-# define COMPILER_VERSION_MAJOR DEC(__HP_cc/10000)
-# define COMPILER_VERSION_MINOR DEC(__HP_cc/100 % 100)
-# define COMPILER_VERSION_PATCH DEC(__HP_cc     % 100)
+/* __HP_cc = VVRRPP */
+# define COMPILER_VERSION_MAJOR DEC(__HP_cc / 10000)
+# define COMPILER_VERSION_MINOR DEC(__HP_cc / 100 % 100)
+# define COMPILER_VERSION_PATCH DEC(__HP_cc % 100)
@@ -116,4 +116,4 @@
-  /* __DECC_VER = VVRRTPPPP */
-# define COMPILER_VERSION_MAJOR DEC(__DECC_VER/10000000)
-# define COMPILER_VERSION_MINOR DEC(__DECC_VER/100000  % 100)
-# define COMPILER_VERSION_PATCH DEC(__DECC_VER         % 10000)
+/* __DECC_VER = VVRRTPPPP */
+# define COMPILER_VERSION_MAJOR DEC(__DECC_VER / 10000000)
+# define COMPILER_VERSION_MINOR DEC(__DECC_VER / 100000 % 100)
+# define COMPILER_VERSION_PATCH DEC(__DECC_VER % 10000)
@@ -123,4 +123,4 @@
-  /* __IBMC__ = VRP */
-# define COMPILER_VERSION_MAJOR DEC(__IBMC__/100)
-# define COMPILER_VERSION_MINOR DEC(__IBMC__/10 % 10)
-# define COMPILER_VERSION_PATCH DEC(__IBMC__    % 10)
+/* __IBMC__ = VRP */
+# define COMPILER_VERSION_MAJOR DEC(__IBMC__ / 100)
+# define COMPILER_VERSION_MINOR DEC(__IBMC__ / 10 % 10)
+# define COMPILER_VERSION_PATCH DEC(__IBMC__ % 10)
@@ -138,4 +138,4 @@
-  /* __IBMC__ = VRP */
-# define COMPILER_VERSION_MAJOR DEC(__IBMC__/100)
-# define COMPILER_VERSION_MINOR DEC(__IBMC__/10 % 10)
-# define COMPILER_VERSION_PATCH DEC(__IBMC__    % 10)
+/* __IBMC__ = VRP */
+# define COMPILER_VERSION_MAJOR DEC(__IBMC__ / 100)
+# define COMPILER_VERSION_MINOR DEC(__IBMC__ / 10 % 10)
+# define COMPILER_VERSION_PATCH DEC(__IBMC__ % 10)
@@ -145,4 +145,4 @@
-  /* __IBMC__ = VRP */
-# define COMPILER_VERSION_MAJOR DEC(__IBMC__/100)
-# define COMPILER_VERSION_MINOR DEC(__IBMC__/10 % 10)
-# define COMPILER_VERSION_PATCH DEC(__IBMC__    % 10)
+/* __IBMC__ = VRP */
+# define COMPILER_VERSION_MAJOR DEC(__IBMC__ / 100)
+# define COMPILER_VERSION_MINOR DEC(__IBMC__ / 10 % 10)
+# define COMPILER_VERSION_PATCH DEC(__IBMC__ % 10)
@@ -165,4 +165,4 @@
-  /* __TI_COMPILER_VERSION__ = VVVRRRPPP */
-# define COMPILER_VERSION_MAJOR DEC(__TI_COMPILER_VERSION__/1000000)
-# define COMPILER_VERSION_MINOR DEC(__TI_COMPILER_VERSION__/1000   % 1000)
-# define COMPILER_VERSION_PATCH DEC(__TI_COMPILER_VERSION__        % 1000)
+/* __TI_COMPILER_VERSION__ = VVVRRRPPP */
+# define COMPILER_VERSION_MAJOR DEC(__TI_COMPILER_VERSION__ / 1000000)
+# define COMPILER_VERSION_MINOR DEC(__TI_COMPILER_VERSION__ / 1000 % 1000)
+# define COMPILER_VERSION_PATCH DEC(__TI_COMPILER_VERSION__ % 1000)
@@ -179 +179 @@
-# define COMPILER_VERSION_PATCH DEC(__GHS_VERSION_NUMBER      % 10)
+# define COMPILER_VERSION_PATCH DEC(__GHS_VERSION_NUMBER % 10)
@@ -194,4 +194,4 @@
-  /* __ARMCC_VERSION = VRRPPPP */
-  # define COMPILER_VERSION_MAJOR DEC(__ARMCC_VERSION/1000000)
-  # define COMPILER_VERSION_MINOR DEC(__ARMCC_VERSION/10000 % 100)
-  # define COMPILER_VERSION_PATCH DEC(__ARMCC_VERSION     % 10000)
+/* __ARMCC_VERSION = VRRPPPP */
+  # define COMPILER_VERSION_MAJOR DEC(__ARMCC_VERSION / 1000000)
+  # define COMPILER_VERSION_MINOR DEC(__ARMCC_VERSION / 10000 % 100)
+  # define COMPILER_VERSION_PATCH DEC(__ARMCC_VERSION % 10000)
@@ -199,4 +199,4 @@
-  /* __ARMCC_VERSION = VRPPPP */
-  # define COMPILER_VERSION_MAJOR DEC(__ARMCC_VERSION/100000)
-  # define COMPILER_VERSION_MINOR DEC(__ARMCC_VERSION/10000 % 10)
-  # define COMPILER_VERSION_PATCH DEC(__ARMCC_VERSION    % 10000)
+/* __ARMCC_VERSION = VRPPPP */
+  # define COMPILER_VERSION_MAJOR DEC(__ARMCC_VERSION / 100000)
+  # define COMPILER_VERSION_MINOR DEC(__ARMCC_VERSION / 10000 % 10)
+  # define COMPILER_VERSION_PATCH DEC(__ARMCC_VERSION % 10000)
@@ -215 +215 @@
-   /* _MSC_VER = VVRR */
+/* _MSC_VER = VVRR */
@@ -223,3 +223,3 @@
-  # define COMPILER_VERSION_MAJOR DEC(__ARMCOMPILER_VERSION/1000000)
-  # define COMPILER_VERSION_MINOR DEC(__ARMCOMPILER_VERSION/10000 % 100)
-  # define COMPILER_VERSION_PATCH DEC(__ARMCOMPILER_VERSION     % 10000)
+  # define COMPILER_VERSION_MAJOR DEC(__ARMCOMPILER_VERSION / 1000000)
+  # define COMPILER_VERSION_MINOR DEC(__ARMCOMPILER_VERSION / 10000 % 100)
+  # define COMPILER_VERSION_PATCH DEC(__ARMCOMPILER_VERSION % 10000)
@@ -237 +237 @@
-   /* _MSC_VER = VVRR */
+/* _MSC_VER = VVRR */
@@ -254 +254 @@
-  /* _MSC_VER = VVRR */
+/* _MSC_VER = VVRR */
@@ -259 +259 @@
-    /* _MSC_FULL_VER = VVRRPPPPP */
+/* _MSC_FULL_VER = VVRRPPPPP */
@@ -262 +262 @@
-    /* _MSC_FULL_VER = VVRRPPPP */
+/* _MSC_FULL_VER = VVRRPPPP */
@@ -270 +270,2 @@
-#elif defined(__VISUALDSPVERSION__) || defined(__ADSPBLACKFIN__) || defined(__ADSPTS__) || defined(__ADSP21000__)
+#elif defined(__VISUALDSPVERSION__) || defined(__ADSPBLACKFIN__) || defined(__ADSPTS__) || \
+  defined(__ADSP21000__)
@@ -273,4 +274,4 @@
-  /* __VISUALDSPVERSION__ = 0xVVRRPP00 */
-# define COMPILER_VERSION_MAJOR HEX(__VISUALDSPVERSION__>>24)
-# define COMPILER_VERSION_MINOR HEX(__VISUALDSPVERSION__>>16 & 0xFF)
-# define COMPILER_VERSION_PATCH HEX(__VISUALDSPVERSION__>>8  & 0xFF)
+/* __VISUALDSPVERSION__ = 0xVVRRPP00 */
+# define COMPILER_VERSION_MAJOR HEX(__VISUALDSPVERSION__ >> 24)
+# define COMPILER_VERSION_MINOR HEX(__VISUALDSPVERSION__ >> 16 & 0xFF)
+# define COMPILER_VERSION_PATCH HEX(__VISUALDSPVERSION__ >> 8 & 0xFF)
@@ -286 +287,3 @@
-# elif defined(__VER__) && (defined(__ICCAVR__) || defined(__ICCRX__) || defined(__ICCRH850__) || defined(__ICCRL78__) || defined(__ICC430__) || defined(__ICCRISCV__) || defined(__ICCV850__) || defined(__ICC8051__))
+# elif defined(__VER__) && (defined(__ICCAVR__) || defined(__ICCRX__) || defined(__ICCRH850__) || \
+  defined(__ICCRL78__) || defined(__ICC430__) || defined(__ICCRISCV__) || defined(__ICCV850__) || \
+  defined(__ICC8051__))
@@ -288 +291 @@
-#  define COMPILER_VERSION_MINOR DEC((__VER__) - (((__VER__) / 100)*100))
+#  define COMPILER_VERSION_MINOR DEC((__VER__) -(((__VER__) / 100) * 100))
@@ -300,4 +303,4 @@
-  /* SDCC = VRP */
-#  define COMPILER_VERSION_MAJOR DEC(SDCC/100)
-#  define COMPILER_VERSION_MINOR DEC(SDCC/10 % 10)
-#  define COMPILER_VERSION_PATCH DEC(SDCC    % 10)
+/* SDCC = VRP */
+#  define COMPILER_VERSION_MAJOR DEC(SDCC / 100)
+#  define COMPILER_VERSION_MINOR DEC(SDCC / 10 % 10)
+#  define COMPILER_VERSION_PATCH DEC(SDCC % 10)
@@ -321 +324 @@
-char const* info_compiler = "INFO" ":" "compiler[" COMPILER_ID "]";
+char const * info_compiler = "INFO" ":" "compiler[" COMPILER_ID "]";
@@ -323 +326 @@
-char const* info_simulate = "INFO" ":" "simulate[" SIMULATE_ID "]";
+char const * info_simulate = "INFO" ":" "simulate[" SIMULATE_ID "]";
@@ -327 +330 @@
-char const* qnxnto = "INFO" ":" "qnxnto[]";
+char const * qnxnto = "INFO" ":" "qnxnto[]";
@@ -331 +334 @@
-char const *info_cray = "INFO" ":" "compiler_wrapper[CrayPrgEnv]";
+char const * info_cray = "INFO" ":" "compiler_wrapper[CrayPrgEnv]";
@@ -544,9 +547,9 @@
-#define DEC(n)                   \
-  ('0' + (((n) / 10000000)%10)), \
-  ('0' + (((n) / 1000000)%10)),  \
-  ('0' + (((n) / 100000)%10)),   \
-  ('0' + (((n) / 10000)%10)),    \
-  ('0' + (((n) / 1000)%10)),     \
-  ('0' + (((n) / 100)%10)),      \
-  ('0' + (((n) / 10)%10)),       \
-  ('0' +  ((n) % 10))
+#define DEC(n) \
+  ('0' + (((n) / 10000000) % 10)), \
+  ('0' + (((n) / 1000000) % 10)), \
+  ('0' + (((n) / 100000) % 10)), \
+  ('0' + (((n) / 10000) % 10)), \
+  ('0' + (((n) / 1000) % 10)), \
+  ('0' + (((n) / 100) % 10)), \
+  ('0' + (((n) / 10) % 10)), \
+  ('0' + ((n) % 10))
@@ -555,9 +558,9 @@
-#define HEX(n)             \
-  ('0' + ((n)>>28 & 0xF)), \
-  ('0' + ((n)>>24 & 0xF)), \
-  ('0' + ((n)>>20 & 0xF)), \
-  ('0' + ((n)>>16 & 0xF)), \
-  ('0' + ((n)>>12 & 0xF)), \
-  ('0' + ((n)>>8  & 0xF)), \
-  ('0' + ((n)>>4  & 0xF)), \
-  ('0' + ((n)     & 0xF))
+#define HEX(n) \
+  ('0' + ((n) >> 28 & 0xF)), \
+  ('0' + ((n) >> 24 & 0xF)), \
+  ('0' + ((n) >> 20 & 0xF)), \
+  ('0' + ((n) >> 16 & 0xF)), \
+  ('0' + ((n) >> 12 & 0xF)), \
+  ('0' + ((n) >> 8 & 0xF)), \
+  ('0' + ((n) >> 4 & 0xF)), \
+  ('0' + ((n) & 0xF))
@@ -569 +572 @@
-  'c','o','m','p','i','l','e','r','_','v','e','r','s','i','o','n','[',
+  'c', 'o', 'm', 'p', 'i', 'l', 'e', 'r', '_', 'v', 'e', 'r', 's', 'i', 'o', 'n', '[',
@@ -574 +577 @@
-   '.', COMPILER_VERSION_PATCH,
+  '.', COMPILER_VERSION_PATCH,
@@ -576 +579 @@
-    '.', COMPILER_VERSION_TWEAK,
+  '.', COMPILER_VERSION_TWEAK,
@@ -580 +583,2 @@
-  ']','\0'};
+  ']', '\0'
+};
@@ -587,3 +591,4 @@
-  'c','o','m','p','i','l','e','r','_','v','e','r','s','i','o','n','_',
-  'i','n','t','e','r','n','a','l','[',
-  COMPILER_VERSION_INTERNAL,']','\0'};
+  'c', 'o', 'm', 'p', 'i', 'l', 'e', 'r', '_', 'v', 'e', 'r', 's', 'i', 'o', 'n', '_',
+  'i', 'n', 't', 'e', 'r', 'n', 'a', 'l', '[',
+  COMPILER_VERSION_INTERNAL, ']', '\0'
+};
@@ -596 +601 @@
-  's','i','m','u','l','a','t','e','_','v','e','r','s','i','o','n','[',
+  's', 'i', 'm', 'u', 'l', 'a', 't', 'e', '_', 'v', 'e', 'r', 's', 'i', 'o', 'n', '[',
@@ -601 +606 @@
-   '.', SIMULATE_VERSION_PATCH,
+  '.', SIMULATE_VERSION_PATCH,
@@ -603 +608 @@
-    '.', SIMULATE_VERSION_TWEAK,
+  '.', SIMULATE_VERSION_TWEAK,
@@ -607 +612,2 @@
-  ']','\0'};
+  ']', '\0'
+};
@@ -614,4 +620,2 @@
-char const* info_platform = "INFO" ":" "platform[" PLATFORM_ID "]";
-char const* info_arch = "INFO" ":" "arch[" ARCHITECTURE_ID "]";
-
-
+char const * info_platform = "INFO" ":" "platform[" PLATFORM_ID "]";
+char const * info_arch = "INFO" ":" "arch[" ARCHITECTURE_ID "]";
@@ -634 +638 @@
-const char* info_language_dialect_default =
+const char * info_language_dialect_default =
@@ -643 +647 @@
-int main(argc, argv) int argc; char *argv[];
+int main(argc, argv) int argc; char * argv[];
@@ -645 +649 @@
-int main(int argc, char* argv[])
+int main(int argc, char * argv[])

Code style divergence in file 'build/ros2_can/CMakeFiles/3.16.3/CompilerIdCXX/CMakeCXXCompilerId.cpp':

--- build/ros2_can/CMakeFiles/3.16.3/CompilerIdCXX/CMakeCXXCompilerId.cpp
+++ build/ros2_can/CMakeFiles/3.16.3/CompilerIdCXX/CMakeCXXCompilerId.cpp.uncrustify
@@ -14 +14 @@
-  /* __COMO_VERSION__ = VRR */
+/* __COMO_VERSION__ = VRR */
@@ -26,3 +26,3 @@
-  /* __INTEL_COMPILER = VRP */
-# define COMPILER_VERSION_MAJOR DEC(__INTEL_COMPILER/100)
-# define COMPILER_VERSION_MINOR DEC(__INTEL_COMPILER/10 % 10)
+/* __INTEL_COMPILER = VRP */
+# define COMPILER_VERSION_MAJOR DEC(__INTEL_COMPILER / 100)
+# define COMPILER_VERSION_MINOR DEC(__INTEL_COMPILER / 10 % 10)
@@ -32 +32 @@
-#  define COMPILER_VERSION_PATCH DEC(__INTEL_COMPILER   % 10)
+#  define COMPILER_VERSION_PATCH DEC(__INTEL_COMPILER % 10)
@@ -35 +35 @@
-  /* __INTEL_COMPILER_BUILD_DATE = YYYYMMDD */
+/* __INTEL_COMPILER_BUILD_DATE = YYYYMMDD */
@@ -39 +39 @@
-   /* _MSC_VER = VVRR */
+/* _MSC_VER = VVRR */
@@ -65,3 +65,3 @@
-# define COMPILER_VERSION_MAJOR HEX(__CODEGEARC_VERSION__>>24 & 0x00FF)
-# define COMPILER_VERSION_MINOR HEX(__CODEGEARC_VERSION__>>16 & 0x00FF)
-# define COMPILER_VERSION_PATCH DEC(__CODEGEARC_VERSION__     & 0xFFFF)
+# define COMPILER_VERSION_MAJOR HEX(__CODEGEARC_VERSION__ >> 24 & 0x00FF)
+# define COMPILER_VERSION_MINOR HEX(__CODEGEARC_VERSION__ >> 16 & 0x00FF)
+# define COMPILER_VERSION_PATCH DEC(__CODEGEARC_VERSION__ & 0xFFFF)
@@ -71,2 +71,2 @@
-  /* __BORLANDC__ = 0xVRR */
-# define COMPILER_VERSION_MAJOR HEX(__BORLANDC__>>8)
+/* __BORLANDC__ = 0xVRR */
+# define COMPILER_VERSION_MAJOR HEX(__BORLANDC__ >> 8)
@@ -77 +77 @@
-   /* __WATCOMC__ = VVRR */
+/* __WATCOMC__ = VVRR */
@@ -86 +86 @@
-   /* __WATCOMC__ = VVRP + 1100 */
+/* __WATCOMC__ = VVRP + 1100 */
@@ -96,4 +96,4 @@
-   /* __SUNPRO_CC = 0xVRRP */
-#  define COMPILER_VERSION_MAJOR HEX(__SUNPRO_CC>>12)
-#  define COMPILER_VERSION_MINOR HEX(__SUNPRO_CC>>4 & 0xFF)
-#  define COMPILER_VERSION_PATCH HEX(__SUNPRO_CC    & 0xF)
+/* __SUNPRO_CC = 0xVRRP */
+#  define COMPILER_VERSION_MAJOR HEX(__SUNPRO_CC >> 12)
+#  define COMPILER_VERSION_MINOR HEX(__SUNPRO_CC >> 4 & 0xFF)
+#  define COMPILER_VERSION_PATCH HEX(__SUNPRO_CC & 0xF)
@@ -101,4 +101,4 @@
-   /* __SUNPRO_CC = 0xVRP */
-#  define COMPILER_VERSION_MAJOR HEX(__SUNPRO_CC>>8)
-#  define COMPILER_VERSION_MINOR HEX(__SUNPRO_CC>>4 & 0xF)
-#  define COMPILER_VERSION_PATCH HEX(__SUNPRO_CC    & 0xF)
+/* __SUNPRO_CC = 0xVRP */
+#  define COMPILER_VERSION_MAJOR HEX(__SUNPRO_CC >> 8)
+#  define COMPILER_VERSION_MINOR HEX(__SUNPRO_CC >> 4 & 0xF)
+#  define COMPILER_VERSION_PATCH HEX(__SUNPRO_CC & 0xF)
@@ -109,4 +109,4 @@
-  /* __HP_aCC = VVRRPP */
-# define COMPILER_VERSION_MAJOR DEC(__HP_aCC/10000)
-# define COMPILER_VERSION_MINOR DEC(__HP_aCC/100 % 100)
-# define COMPILER_VERSION_PATCH DEC(__HP_aCC     % 100)
+/* __HP_aCC = VVRRPP */
+# define COMPILER_VERSION_MAJOR DEC(__HP_aCC / 10000)
+# define COMPILER_VERSION_MINOR DEC(__HP_aCC / 100 % 100)
+# define COMPILER_VERSION_PATCH DEC(__HP_aCC % 100)
@@ -116,4 +116,4 @@
-  /* __DECCXX_VER = VVRRTPPPP */
-# define COMPILER_VERSION_MAJOR DEC(__DECCXX_VER/10000000)
-# define COMPILER_VERSION_MINOR DEC(__DECCXX_VER/100000  % 100)
-# define COMPILER_VERSION_PATCH DEC(__DECCXX_VER         % 10000)
+/* __DECCXX_VER = VVRRTPPPP */
+# define COMPILER_VERSION_MAJOR DEC(__DECCXX_VER / 10000000)
+# define COMPILER_VERSION_MINOR DEC(__DECCXX_VER / 100000 % 100)
+# define COMPILER_VERSION_PATCH DEC(__DECCXX_VER % 10000)
@@ -123,4 +123,4 @@
-  /* __IBMCPP__ = VRP */
-# define COMPILER_VERSION_MAJOR DEC(__IBMCPP__/100)
-# define COMPILER_VERSION_MINOR DEC(__IBMCPP__/10 % 10)
-# define COMPILER_VERSION_PATCH DEC(__IBMCPP__    % 10)
+/* __IBMCPP__ = VRP */
+# define COMPILER_VERSION_MAJOR DEC(__IBMCPP__ / 100)
+# define COMPILER_VERSION_MINOR DEC(__IBMCPP__ / 10 % 10)
+# define COMPILER_VERSION_PATCH DEC(__IBMCPP__ % 10)
@@ -138,4 +138,4 @@
-  /* __IBMCPP__ = VRP */
-# define COMPILER_VERSION_MAJOR DEC(__IBMCPP__/100)
-# define COMPILER_VERSION_MINOR DEC(__IBMCPP__/10 % 10)
-# define COMPILER_VERSION_PATCH DEC(__IBMCPP__    % 10)
+/* __IBMCPP__ = VRP */
+# define COMPILER_VERSION_MAJOR DEC(__IBMCPP__ / 100)
+# define COMPILER_VERSION_MINOR DEC(__IBMCPP__ / 10 % 10)
+# define COMPILER_VERSION_PATCH DEC(__IBMCPP__ % 10)
@@ -145,4 +145,4 @@
-  /* __IBMCPP__ = VRP */
-# define COMPILER_VERSION_MAJOR DEC(__IBMCPP__/100)
-# define COMPILER_VERSION_MINOR DEC(__IBMCPP__/10 % 10)
-# define COMPILER_VERSION_PATCH DEC(__IBMCPP__    % 10)
+/* __IBMCPP__ = VRP */
+# define COMPILER_VERSION_MAJOR DEC(__IBMCPP__ / 100)
+# define COMPILER_VERSION_MINOR DEC(__IBMCPP__ / 10 % 10)
+# define COMPILER_VERSION_PATCH DEC(__IBMCPP__ % 10)
@@ -165,4 +165,4 @@
-  /* __TI_COMPILER_VERSION__ = VVVRRRPPP */
-# define COMPILER_VERSION_MAJOR DEC(__TI_COMPILER_VERSION__/1000000)
-# define COMPILER_VERSION_MINOR DEC(__TI_COMPILER_VERSION__/1000   % 1000)
-# define COMPILER_VERSION_PATCH DEC(__TI_COMPILER_VERSION__        % 1000)
+/* __TI_COMPILER_VERSION__ = VVVRRRPPP */
+# define COMPILER_VERSION_MAJOR DEC(__TI_COMPILER_VERSION__ / 1000000)
+# define COMPILER_VERSION_MINOR DEC(__TI_COMPILER_VERSION__ / 1000 % 1000)
+# define COMPILER_VERSION_PATCH DEC(__TI_COMPILER_VERSION__ % 1000)
@@ -179 +179 @@
-# define COMPILER_VERSION_PATCH DEC(__GHS_VERSION_NUMBER      % 10)
+# define COMPILER_VERSION_PATCH DEC(__GHS_VERSION_NUMBER % 10)
@@ -188,4 +188,4 @@
-  /* __ARMCC_VERSION = VRRPPPP */
-  # define COMPILER_VERSION_MAJOR DEC(__ARMCC_VERSION/1000000)
-  # define COMPILER_VERSION_MINOR DEC(__ARMCC_VERSION/10000 % 100)
-  # define COMPILER_VERSION_PATCH DEC(__ARMCC_VERSION     % 10000)
+/* __ARMCC_VERSION = VRRPPPP */
+  # define COMPILER_VERSION_MAJOR DEC(__ARMCC_VERSION / 1000000)
+  # define COMPILER_VERSION_MINOR DEC(__ARMCC_VERSION / 10000 % 100)
+  # define COMPILER_VERSION_PATCH DEC(__ARMCC_VERSION % 10000)
@@ -193,4 +193,4 @@
-  /* __ARMCC_VERSION = VRPPPP */
-  # define COMPILER_VERSION_MAJOR DEC(__ARMCC_VERSION/100000)
-  # define COMPILER_VERSION_MINOR DEC(__ARMCC_VERSION/10000 % 10)
-  # define COMPILER_VERSION_PATCH DEC(__ARMCC_VERSION    % 10000)
+/* __ARMCC_VERSION = VRPPPP */
+  # define COMPILER_VERSION_MAJOR DEC(__ARMCC_VERSION / 100000)
+  # define COMPILER_VERSION_MINOR DEC(__ARMCC_VERSION / 10000 % 10)
+  # define COMPILER_VERSION_PATCH DEC(__ARMCC_VERSION % 10000)
@@ -209 +209 @@
-   /* _MSC_VER = VVRR */
+/* _MSC_VER = VVRR */
@@ -217,3 +217,3 @@
-  # define COMPILER_VERSION_MAJOR DEC(__ARMCOMPILER_VERSION/1000000)
-  # define COMPILER_VERSION_MINOR DEC(__ARMCOMPILER_VERSION/10000 % 100)
-  # define COMPILER_VERSION_PATCH DEC(__ARMCOMPILER_VERSION     % 10000)
+  # define COMPILER_VERSION_MAJOR DEC(__ARMCOMPILER_VERSION / 1000000)
+  # define COMPILER_VERSION_MINOR DEC(__ARMCOMPILER_VERSION / 10000 % 100)
+  # define COMPILER_VERSION_PATCH DEC(__ARMCOMPILER_VERSION % 10000)
@@ -231 +231 @@
-   /* _MSC_VER = VVRR */
+/* _MSC_VER = VVRR */
@@ -252 +252 @@
-  /* _MSC_VER = VVRR */
+/* _MSC_VER = VVRR */
@@ -257 +257 @@
-    /* _MSC_FULL_VER = VVRRPPPPP */
+/* _MSC_FULL_VER = VVRRPPPPP */
@@ -260 +260 @@
-    /* _MSC_FULL_VER = VVRRPPPP */
+/* _MSC_FULL_VER = VVRRPPPP */
@@ -268 +268,2 @@
-#elif defined(__VISUALDSPVERSION__) || defined(__ADSPBLACKFIN__) || defined(__ADSPTS__) || defined(__ADSP21000__)
+#elif defined(__VISUALDSPVERSION__) || defined(__ADSPBLACKFIN__) || defined(__ADSPTS__) || \
+  defined(__ADSP21000__)
@@ -271,4 +272,4 @@
-  /* __VISUALDSPVERSION__ = 0xVVRRPP00 */
-# define COMPILER_VERSION_MAJOR HEX(__VISUALDSPVERSION__>>24)
-# define COMPILER_VERSION_MINOR HEX(__VISUALDSPVERSION__>>16 & 0xFF)
-# define COMPILER_VERSION_PATCH HEX(__VISUALDSPVERSION__>>8  & 0xFF)
+/* __VISUALDSPVERSION__ = 0xVVRRPP00 */
+# define COMPILER_VERSION_MAJOR HEX(__VISUALDSPVERSION__ >> 24)
+# define COMPILER_VERSION_MINOR HEX(__VISUALDSPVERSION__ >> 16 & 0xFF)
+# define COMPILER_VERSION_PATCH HEX(__VISUALDSPVERSION__ >> 8 & 0xFF)
@@ -284 +285,3 @@
-# elif defined(__VER__) && (defined(__ICCAVR__) || defined(__ICCRX__) || defined(__ICCRH850__) || defined(__ICCRL78__) || defined(__ICC430__) || defined(__ICCRISCV__) || defined(__ICCV850__) || defined(__ICC8051__))
+# elif defined(__VER__) && (defined(__ICCAVR__) || defined(__ICCRX__) || defined(__ICCRH850__) || \
+  defined(__ICCRL78__) || defined(__ICC430__) || defined(__ICCRISCV__) || defined(__ICCV850__) || \
+  defined(__ICC8051__))
@@ -286 +289 @@
-#  define COMPILER_VERSION_MINOR DEC((__VER__) - (((__VER__) / 100)*100))
+#  define COMPILER_VERSION_MINOR DEC((__VER__) -(((__VER__) / 100) * 100))
@@ -306 +309 @@
-char const* info_compiler = "INFO" ":" "compiler[" COMPILER_ID "]";
+char const * info_compiler = "INFO" ":" "compiler[" COMPILER_ID "]";
@@ -308 +311 @@
-char const* info_simulate = "INFO" ":" "simulate[" SIMULATE_ID "]";
+char const * info_simulate = "INFO" ":" "simulate[" SIMULATE_ID "]";
@@ -312 +315 @@
-char const* qnxnto = "INFO" ":" "qnxnto[]";
+char const * qnxnto = "INFO" ":" "qnxnto[]";
@@ -316 +319 @@
-char const *info_cray = "INFO" ":" "compiler_wrapper[CrayPrgEnv]";
+char const * info_cray = "INFO" ":" "compiler_wrapper[CrayPrgEnv]";
@@ -529,9 +532,9 @@
-#define DEC(n)                   \
-  ('0' + (((n) / 10000000)%10)), \
-  ('0' + (((n) / 1000000)%10)),  \
-  ('0' + (((n) / 100000)%10)),   \
-  ('0' + (((n) / 10000)%10)),    \
-  ('0' + (((n) / 1000)%10)),     \
-  ('0' + (((n) / 100)%10)),      \
-  ('0' + (((n) / 10)%10)),       \
-  ('0' +  ((n) % 10))
+#define DEC(n) \
+  ('0' + (((n) / 10000000) % 10)), \
+  ('0' + (((n) / 1000000) % 10)), \
+  ('0' + (((n) / 100000) % 10)), \
+  ('0' + (((n) / 10000) % 10)), \
+  ('0' + (((n) / 1000) % 10)), \
+  ('0' + (((n) / 100) % 10)), \
+  ('0' + (((n) / 10) % 10)), \
+  ('0' + ((n) % 10))
@@ -540,9 +543,9 @@
-#define HEX(n)             \
-  ('0' + ((n)>>28 & 0xF)), \
-  ('0' + ((n)>>24 & 0xF)), \
-  ('0' + ((n)>>20 & 0xF)), \
-  ('0' + ((n)>>16 & 0xF)), \
-  ('0' + ((n)>>12 & 0xF)), \
-  ('0' + ((n)>>8  & 0xF)), \
-  ('0' + ((n)>>4  & 0xF)), \
-  ('0' + ((n)     & 0xF))
+#define HEX(n) \
+  ('0' + ((n) >> 28 & 0xF)), \
+  ('0' + ((n) >> 24 & 0xF)), \
+  ('0' + ((n) >> 20 & 0xF)), \
+  ('0' + ((n) >> 16 & 0xF)), \
+  ('0' + ((n) >> 12 & 0xF)), \
+  ('0' + ((n) >> 8 & 0xF)), \
+  ('0' + ((n) >> 4 & 0xF)), \
+  ('0' + ((n) & 0xF))
@@ -554 +557 @@
-  'c','o','m','p','i','l','e','r','_','v','e','r','s','i','o','n','[',
+  'c', 'o', 'm', 'p', 'i', 'l', 'e', 'r', '_', 'v', 'e', 'r', 's', 'i', 'o', 'n', '[',
@@ -559 +562 @@
-   '.', COMPILER_VERSION_PATCH,
+  '.', COMPILER_VERSION_PATCH,
@@ -561 +564 @@
-    '.', COMPILER_VERSION_TWEAK,
+  '.', COMPILER_VERSION_TWEAK,
@@ -565 +568 @@
-  ']','\0'};
+  ']', '\0'};
@@ -572,3 +575,3 @@
-  'c','o','m','p','i','l','e','r','_','v','e','r','s','i','o','n','_',
-  'i','n','t','e','r','n','a','l','[',
-  COMPILER_VERSION_INTERNAL,']','\0'};
+  'c', 'o', 'm', 'p', 'i', 'l', 'e', 'r', '_', 'v', 'e', 'r', 's', 'i', 'o', 'n', '_',
+  'i', 'n', 't', 'e', 'r', 'n', 'a', 'l', '[',
+  COMPILER_VERSION_INTERNAL, ']', '\0'};
@@ -581 +584 @@
-  's','i','m','u','l','a','t','e','_','v','e','r','s','i','o','n','[',
+  's', 'i', 'm', 'u', 'l', 'a', 't', 'e', '_', 'v', 'e', 'r', 's', 'i', 'o', 'n', '[',
@@ -586 +589 @@
-   '.', SIMULATE_VERSION_PATCH,
+  '.', SIMULATE_VERSION_PATCH,
@@ -588 +591 @@
-    '.', SIMULATE_VERSION_TWEAK,
+  '.', SIMULATE_VERSION_TWEAK,
@@ -592 +595 @@
-  ']','\0'};
+  ']', '\0'};
@@ -599,4 +602,2 @@
-char const* info_platform = "INFO" ":" "platform[" PLATFORM_ID "]";
-char const* info_arch = "INFO" ":" "arch[" ARCHITECTURE_ID "]";
-
-
+char const * info_platform = "INFO" ":" "platform[" PLATFORM_ID "]";
+char const * info_arch = "INFO" ":" "arch[" ARCHITECTURE_ID "]";
@@ -621 +622 @@
-const char* info_language_dialect_default = "INFO" ":" "dialect_default["
+const char * info_language_dialect_default = "INFO" ":" "dialect_default["
@@ -633 +634 @@
-"]";
+  "]";
@@ -637 +638 @@
-int main(int argc, char* argv[])
+int main(int argc, char * argv[])

Code style divergence in file 'src/foxypcan.h':

--- src/foxypcan.h
+++ src/foxypcan.h.uncrustify
@@ -5 +4,0 @@
-
@@ -35 +34 @@
-#define PCAN_DEVICE	 PCAN_USBBUS1
+#define PCAN_DEVICE      PCAN_USBBUS1
@@ -38 +37 @@
-#define PCAN_DEVICE		PCAN_USBBUS1
+#define PCAN_DEVICE             PCAN_USBBUS1

Code style divergence in file 'src/teleop2pcan.cpp':

--- src/teleop2pcan.cpp
+++ src/teleop2pcan.cpp.uncrustify
@@ -9,5 +9,5 @@
-  public:
-    TeleopPcanSubscriber()
-    : Node("teleop_pcan_subscriber")
-    {
-      subscription_ = this->create_subscription<geometry_msgs::msg::Twist>(
+public:
+  TeleopPcanSubscriber()
+  : Node("teleop_pcan_subscriber")
+  {
+    subscription_ = this->create_subscription<geometry_msgs::msg::Twist>(
@@ -14,0 +15,9 @@
+  }
+
+private:
+  void topic_callback(const geometry_msgs::msg::Twist::SharedPtr msg) const
+  {
+    bool nFlagLenk = 0;
+    bool nFlagAntrieb = 0;
+    if ((float)msg->angular.z < 0.0) {
+      nFlagLenk = 1;
@@ -17,9 +26,21 @@
-  private:
- 
-  
-    void topic_callback(const geometry_msgs::msg::Twist::SharedPtr msg) const
-    {
-	bool nFlagLenk=0;
-	bool nFlagAntrieb=0;
-    if (( float)msg->angular.z < 0.0){
-   nFlagLenk=1;
+    if ((float)msg->linear.x < 0.0) {
+      nFlagAntrieb = 1;
+    }
+
+    Message.ID = 0x77;
+    Message.LEN = 8;
+    Message.MSGTYPE = PCAN_MESSAGE_EXTENDED;
+    memset(Message.DATA, '\0', sizeof(Message.DATA));
+
+    Message.DATA[0] = std::abs(msg->angular.z);
+    Message.DATA[1] = nFlagLenk;
+    Message.DATA[2] = (int)std::round(std::abs(msg->linear.x));
+    Message.DATA[3] = nFlagAntrieb;
+    Message.DATA[4] = 0;
+    Message.DATA[5] = 0;
+    Message.DATA[6] = 0;
+    Message.DATA[7] = 0;
+    Status = CAN_Write(pcan_device, &Message);
+
+    RCLCPP_INFO(
+      this->get_logger(), "I heard: %f %f %f", msg->linear.x, msg->linear.y, msg->angular.z);
@@ -27,24 +48,2 @@
-  
-  if (( float)msg->linear.x < 0.0){
-   nFlagAntrieb=1;
-  }
-  
-    	Message.ID = 0x77;
-	Message.LEN = 8;
-	Message.MSGTYPE = PCAN_MESSAGE_EXTENDED;
-	memset(Message.DATA, '\0', sizeof(Message.DATA));
-      
-    	Message.DATA[0]=std::abs(msg->angular.z);
-	Message.DATA[1]=nFlagLenk;
-	Message.DATA[2]=(int)std::round(std::abs(msg->linear.x));
-	Message.DATA[3]=nFlagAntrieb;
-	Message.DATA[4]=0;
-	Message.DATA[5]=0;
-	Message.DATA[6]=0;
-	Message.DATA[7]=0;
-      Status = CAN_Write(pcan_device, &Message);
-            
-      RCLCPP_INFO(this->get_logger(), "I heard: %f %f %f",msg->linear.x,msg->linear.y,msg->angular.z);
-    }
-    rclcpp::Subscription<geometry_msgs::msg::Twist>::SharedPtr subscription_;
-   
+  rclcpp::Subscription<geometry_msgs::msg::Twist>::SharedPtr subscription_;
+
@@ -56 +55 @@
-  Status =  CAN_Initialize(pcan_device, PCAN_BAUD_500K, 0, 0, 0);
+  Status = CAN_Initialize(pcan_device, PCAN_BAUD_500K, 0, 0, 0);
@@ -60 +59 @@
-  
+

4 files with code style divergence
-- run_test.py: return code 1
-- run_test.py: verify result file '/home/adm_bur7746m/ros2can/build/ros2_can/test_results/ros2_can/uncrustify.xunit.xml'
<end of output>
Test time =   0.53 sec
----------------------------------------------------------
Test Failed.
"uncrustify" end time: Sep 15 11:31 CEST
"uncrustify" time elapsed: 00:00:00
----------------------------------------------------------

6/6 Testing: xmllint
6/6 Test: xmllint
Command: "/usr/bin/python3" "-u" "/opt/ros/foxy/share/ament_cmake_test/cmake/run_test.py" "/home/adm_bur7746m/ros2can/build/ros2_can/test_results/ros2_can/xmllint.xunit.xml" "--package-name" "ros2_can" "--output-file" "/home/adm_bur7746m/ros2can/build/ros2_can/ament_xmllint/xmllint.txt" "--command" "/opt/ros/foxy/bin/ament_xmllint" "--xunit-file" "/home/adm_bur7746m/ros2can/build/ros2_can/test_results/ros2_can/xmllint.xunit.xml"
Directory: /home/adm_bur7746m/ros2can
"xmllint" start time: Sep 15 11:31 CEST
Output:
----------------------------------------------------------
-- run_test.py: invoking following command in '/home/adm_bur7746m/ros2can':
 - /opt/ros/foxy/bin/ament_xmllint --xunit-file /home/adm_bur7746m/ros2can/build/ros2_can/test_results/ros2_can/xmllint.xunit.xml
File 'package.xml' is valid

File 'build/ros2_can/test_results/ros2_can/copyright.xunit.xml' is valid

File 'build/ros2_can/test_results/ros2_can/cppcheck.xunit.xml' is valid

File 'build/ros2_can/test_results/ros2_can/cpplint.xunit.xml' is valid

File 'build/ros2_can/test_results/ros2_can/lint_cmake.xunit.xml' is valid

File 'build/ros2_can/test_results/ros2_can/uncrustify.xunit.xml' is valid

File 'build/ros2_can/test_results/ros2_can/xmllint.xunit.xml' is valid

File 'install/ros2_can/share/ros2_can/package.xml' is valid

No problems found
-- run_test.py: return code 0
-- run_test.py: verify result file '/home/adm_bur7746m/ros2can/build/ros2_can/test_results/ros2_can/xmllint.xunit.xml'
<end of output>
Test time =   1.64 sec
----------------------------------------------------------
Test Passed.
"xmllint" end time: Sep 15 11:31 CEST
"xmllint" time elapsed: 00:00:01
----------------------------------------------------------

End testing: Sep 15 11:31 CEST

copyright =   0.49 sec*proc

cppcheck =   0.68 sec*proc

cpplint =   0.65 sec*proc

lint_cmake =   0.46 sec*proc

linter =   4.45 sec*proc

uncrustify =   0.53 sec*proc

xmllint =   1.64 sec*proc

